2020-11-09 13:42:25.600 [main] INFO  org.linitly.boot.LinitlyBootApplication : Starting LinitlyBootApplication on 7weixiaoqing with PID 13024 (D:\Linitly\git_project\linitly-boot\linitly-boot\target\classes started by 7weixiaoqing in D:\Linitly\git_project\linitly-boot\linitly-boot)
2020-11-09 13:42:25.613 [main] INFO  org.linitly.boot.LinitlyBootApplication : The following profiles are active: dev
2020-11-09 13:42:27.143 [main] INFO  o.s.d.r.config.RepositoryConfigurationDelegate : Multiple Spring Data modules found, entering strict repository configuration mode!
2020-11-09 13:42:27.145 [main] INFO  o.s.d.r.config.RepositoryConfigurationDelegate : Bootstrapping Spring Data Elasticsearch repositories in DEFAULT mode.
2020-11-09 13:42:27.186 [main] INFO  o.s.d.r.config.RepositoryConfigurationDelegate : Finished Spring Data repository scanning in 37ms. Found 0 Elasticsearch repository interfaces.
2020-11-09 13:42:27.195 [main] INFO  o.s.d.r.config.RepositoryConfigurationDelegate : Multiple Spring Data modules found, entering strict repository configuration mode!
2020-11-09 13:42:27.196 [main] INFO  o.s.d.r.config.RepositoryConfigurationDelegate : Bootstrapping Spring Data Redis repositories in DEFAULT mode.
2020-11-09 13:42:27.215 [main] INFO  o.s.d.r.config.RepositoryConfigurationDelegate : Finished Spring Data repository scanning in 10ms. Found 0 Redis repository interfaces.
2020-11-09 13:42:28.094 [main] INFO  o.s.boot.web.embedded.tomcat.TomcatWebServer : Tomcat initialized with port(s): 8081 (http)
2020-11-09 13:42:28.109 [main] INFO  org.apache.coyote.http11.Http11NioProtocol : Initializing ProtocolHandler ["http-nio-8081"]
2020-11-09 13:42:28.118 [main] INFO  org.apache.catalina.core.StandardService : Starting service [Tomcat]
2020-11-09 13:42:28.119 [main] INFO  org.apache.catalina.core.StandardEngine : Starting Servlet engine: [Apache Tomcat/9.0.38]
2020-11-09 13:42:28.234 [main] INFO  o.a.c.c.C.[Tomcat].[localhost].[/linitly-boot] : Initializing Spring embedded WebApplicationContext
2020-11-09 13:42:28.234 [main] INFO  org.springframework.web.context.ContextLoader : Root WebApplicationContext: initialization completed in 2560 ms
2020-11-09 13:42:28.815 [main] INFO  org.elasticsearch.plugins.PluginsService : no modules loaded
2020-11-09 13:42:28.815 [main] INFO  org.elasticsearch.plugins.PluginsService : loaded plugin [org.elasticsearch.index.reindex.ReindexPlugin]
2020-11-09 13:42:28.815 [main] INFO  org.elasticsearch.plugins.PluginsService : loaded plugin [org.elasticsearch.join.ParentJoinPlugin]
2020-11-09 13:42:28.815 [main] INFO  org.elasticsearch.plugins.PluginsService : loaded plugin [org.elasticsearch.percolator.PercolatorPlugin]
2020-11-09 13:42:28.816 [main] INFO  org.elasticsearch.plugins.PluginsService : loaded plugin [org.elasticsearch.script.mustache.MustachePlugin]
2020-11-09 13:42:28.816 [main] INFO  org.elasticsearch.plugins.PluginsService : loaded plugin [org.elasticsearch.transport.Netty4Plugin]
2020-11-09 13:42:29.699 [main] INFO  org.apache.catalina.core.StandardService : Stopping service [Tomcat]
2020-11-09 13:42:29.727 [main] INFO  o.s.b.a.l.ConditionEvaluationReportLoggingListener : 

Error starting ApplicationContext. To display the conditions report re-run your application with 'debug' enabled.
2020-11-09 13:43:17.726 [main] INFO  org.linitly.boot.LinitlyBootApplication : Starting LinitlyBootApplication on 7weixiaoqing with PID 12004 (D:\Linitly\git_project\linitly-boot\linitly-boot\target\classes started by 7weixiaoqing in D:\Linitly\git_project\linitly-boot\linitly-boot)
2020-11-09 13:43:17.729 [main] INFO  org.linitly.boot.LinitlyBootApplication : The following profiles are active: dev
2020-11-09 13:43:18.708 [main] INFO  o.s.d.r.config.RepositoryConfigurationDelegate : Multiple Spring Data modules found, entering strict repository configuration mode!
2020-11-09 13:43:18.709 [main] INFO  o.s.d.r.config.RepositoryConfigurationDelegate : Bootstrapping Spring Data Elasticsearch repositories in DEFAULT mode.
2020-11-09 13:43:18.753 [main] INFO  o.s.d.r.config.RepositoryConfigurationDelegate : Finished Spring Data repository scanning in 39ms. Found 0 Elasticsearch repository interfaces.
2020-11-09 13:43:18.763 [main] INFO  o.s.d.r.config.RepositoryConfigurationDelegate : Multiple Spring Data modules found, entering strict repository configuration mode!
2020-11-09 13:43:18.763 [main] INFO  o.s.d.r.config.RepositoryConfigurationDelegate : Bootstrapping Spring Data Redis repositories in DEFAULT mode.
2020-11-09 13:43:18.780 [main] INFO  o.s.d.r.config.RepositoryConfigurationDelegate : Finished Spring Data repository scanning in 10ms. Found 0 Redis repository interfaces.
2020-11-09 13:43:19.535 [main] INFO  o.s.boot.web.embedded.tomcat.TomcatWebServer : Tomcat initialized with port(s): 8081 (http)
2020-11-09 13:43:19.548 [main] INFO  org.apache.coyote.http11.Http11NioProtocol : Initializing ProtocolHandler ["http-nio-8081"]
2020-11-09 13:43:19.558 [main] INFO  org.apache.catalina.core.StandardService : Starting service [Tomcat]
2020-11-09 13:43:19.558 [main] INFO  org.apache.catalina.core.StandardEngine : Starting Servlet engine: [Apache Tomcat/9.0.38]
2020-11-09 13:43:19.669 [main] INFO  o.a.c.c.C.[Tomcat].[localhost].[/linitly-boot] : Initializing Spring embedded WebApplicationContext
2020-11-09 13:43:19.670 [main] INFO  org.springframework.web.context.ContextLoader : Root WebApplicationContext: initialization completed in 1861 ms
2020-11-09 13:43:20.006 [main] INFO  c.a.d.s.b.a.DruidDataSourceAutoConfigure : Init DruidDataSource
2020-11-09 13:43:20.490 [main] INFO  com.alibaba.druid.pool.DruidDataSource : {dataSource-1} inited
2020-11-09 13:43:20.824 [main] INFO  org.quartz.impl.StdSchedulerFactory : Using default implementation for ThreadExecutor
2020-11-09 13:43:20.825 [main] INFO  org.quartz.simpl.SimpleThreadPool : Job execution threads will use class loader of thread: main
2020-11-09 13:43:20.833 [main] INFO  org.quartz.core.SchedulerSignalerImpl : Initialized Scheduler Signaller of type: class org.quartz.core.SchedulerSignalerImpl
2020-11-09 13:43:20.833 [main] INFO  org.quartz.core.QuartzScheduler : Quartz Scheduler v.2.3.2 created.
2020-11-09 13:43:20.837 [main] INFO  o.s.scheduling.quartz.LocalDataSourceJobStore : Using db table-based data access locking (synchronization).
2020-11-09 13:43:20.838 [main] INFO  o.s.scheduling.quartz.LocalDataSourceJobStore : JobStoreCMT initialized.
2020-11-09 13:43:20.839 [main] INFO  org.quartz.core.QuartzScheduler : Scheduler meta-data: Quartz Scheduler (v2.3.2) 'quartzScheduler' with instanceId 'NON_CLUSTERED'
  Scheduler class: 'org.quartz.core.QuartzScheduler' - running locally.
  NOT STARTED.
  Currently in standby mode.
  Number of jobs executed: 0
  Using thread pool 'org.quartz.simpl.SimpleThreadPool' - with 5 threads.
  Using job-store 'org.springframework.scheduling.quartz.LocalDataSourceJobStore' - which supports persistence. and is not clustered.

2020-11-09 13:43:20.839 [main] INFO  org.quartz.impl.StdSchedulerFactory : Quartz scheduler 'quartzScheduler' initialized from an externally provided properties instance.
2020-11-09 13:43:20.839 [main] INFO  org.quartz.impl.StdSchedulerFactory : Quartz scheduler version: 2.3.2
2020-11-09 13:43:20.839 [main] INFO  org.quartz.core.QuartzScheduler : JobFactory set to: org.springframework.scheduling.quartz.SpringBeanJobFactory@113ee1ce
2020-11-09 13:43:21.327 [main] INFO  s.d.s.w.PropertySourcedRequestMappingHandlerMapping : Mapped URL path [/v2/api-docs] onto method [public org.springframework.http.ResponseEntity<springfox.documentation.spring.web.json.Json> springfox.documentation.swagger2.web.Swagger2Controller.getDocumentation(java.lang.String,javax.servlet.http.HttpServletRequest)]
2020-11-09 13:43:21.342 [main] INFO  o.s.scheduling.concurrent.ThreadPoolTaskExecutor : Initializing ExecutorService 'taskExecutor'
2020-11-09 13:43:21.776 [main] INFO  org.elasticsearch.plugins.PluginsService : no modules loaded
2020-11-09 13:43:21.777 [main] INFO  org.elasticsearch.plugins.PluginsService : loaded plugin [org.elasticsearch.index.reindex.ReindexPlugin]
2020-11-09 13:43:21.777 [main] INFO  org.elasticsearch.plugins.PluginsService : loaded plugin [org.elasticsearch.join.ParentJoinPlugin]
2020-11-09 13:43:21.777 [main] INFO  org.elasticsearch.plugins.PluginsService : loaded plugin [org.elasticsearch.percolator.PercolatorPlugin]
2020-11-09 13:43:21.777 [main] INFO  org.elasticsearch.plugins.PluginsService : loaded plugin [org.elasticsearch.script.mustache.MustachePlugin]
2020-11-09 13:43:21.777 [main] INFO  org.elasticsearch.plugins.PluginsService : loaded plugin [org.elasticsearch.transport.Netty4Plugin]
2020-11-09 13:43:22.681 [main] INFO  o.s.scheduling.concurrent.ThreadPoolTaskExecutor : Shutting down ExecutorService 'taskExecutor'
2020-11-09 13:43:22.682 [main] INFO  o.s.scheduling.quartz.SchedulerFactoryBean : Shutting down Quartz Scheduler
2020-11-09 13:43:22.682 [main] INFO  org.quartz.core.QuartzScheduler : Scheduler quartzScheduler_$_NON_CLUSTERED shutting down.
2020-11-09 13:43:22.682 [main] INFO  org.quartz.core.QuartzScheduler : Scheduler quartzScheduler_$_NON_CLUSTERED paused.
2020-11-09 13:43:22.682 [main] INFO  org.quartz.core.QuartzScheduler : Scheduler quartzScheduler_$_NON_CLUSTERED shutdown complete.
2020-11-09 13:43:22.686 [main] INFO  com.alibaba.druid.pool.DruidDataSource : {dataSource-1} closed
2020-11-09 13:43:22.715 [main] INFO  org.apache.catalina.core.StandardService : Stopping service [Tomcat]
2020-11-09 13:43:22.724 [main] INFO  o.s.b.a.l.ConditionEvaluationReportLoggingListener : 

Error starting ApplicationContext. To display the conditions report re-run your application with 'debug' enabled.
2020-11-09 13:48:40.699 [main] INFO  org.linitly.boot.LinitlyBootApplication : Starting LinitlyBootApplication on 7weixiaoqing with PID 11968 (D:\Linitly\git_project\linitly-boot\linitly-boot\target\classes started by 7weixiaoqing in D:\Linitly\git_project\linitly-boot\linitly-boot)
2020-11-09 13:48:40.703 [main] INFO  org.linitly.boot.LinitlyBootApplication : The following profiles are active: dev
2020-11-09 13:48:41.634 [main] INFO  o.s.d.r.config.RepositoryConfigurationDelegate : Multiple Spring Data modules found, entering strict repository configuration mode!
2020-11-09 13:48:41.636 [main] INFO  o.s.d.r.config.RepositoryConfigurationDelegate : Bootstrapping Spring Data Elasticsearch repositories in DEFAULT mode.
2020-11-09 13:48:41.665 [main] INFO  o.s.d.r.config.RepositoryConfigurationDelegate : Finished Spring Data repository scanning in 26ms. Found 0 Elasticsearch repository interfaces.
2020-11-09 13:48:41.675 [main] INFO  o.s.d.r.config.RepositoryConfigurationDelegate : Multiple Spring Data modules found, entering strict repository configuration mode!
2020-11-09 13:48:41.675 [main] INFO  o.s.d.r.config.RepositoryConfigurationDelegate : Bootstrapping Spring Data Redis repositories in DEFAULT mode.
2020-11-09 13:48:41.693 [main] INFO  o.s.d.r.config.RepositoryConfigurationDelegate : Finished Spring Data repository scanning in 11ms. Found 0 Redis repository interfaces.
2020-11-09 13:48:42.496 [main] INFO  o.s.boot.web.embedded.tomcat.TomcatWebServer : Tomcat initialized with port(s): 8081 (http)
2020-11-09 13:48:42.511 [main] INFO  org.apache.coyote.http11.Http11NioProtocol : Initializing ProtocolHandler ["http-nio-8081"]
2020-11-09 13:48:42.523 [main] INFO  org.apache.catalina.core.StandardService : Starting service [Tomcat]
2020-11-09 13:48:42.523 [main] INFO  org.apache.catalina.core.StandardEngine : Starting Servlet engine: [Apache Tomcat/9.0.38]
2020-11-09 13:48:42.643 [main] INFO  o.a.c.c.C.[Tomcat].[localhost].[/linitly-boot] : Initializing Spring embedded WebApplicationContext
2020-11-09 13:48:42.643 [main] INFO  org.springframework.web.context.ContextLoader : Root WebApplicationContext: initialization completed in 1840 ms
2020-11-09 13:48:42.979 [main] INFO  c.a.d.s.b.a.DruidDataSourceAutoConfigure : Init DruidDataSource
2020-11-09 13:48:43.324 [main] INFO  com.alibaba.druid.pool.DruidDataSource : {dataSource-1} inited
2020-11-09 13:48:43.658 [main] INFO  org.quartz.impl.StdSchedulerFactory : Using default implementation for ThreadExecutor
2020-11-09 13:48:43.659 [main] INFO  org.quartz.simpl.SimpleThreadPool : Job execution threads will use class loader of thread: main
2020-11-09 13:48:43.667 [main] INFO  org.quartz.core.SchedulerSignalerImpl : Initialized Scheduler Signaller of type: class org.quartz.core.SchedulerSignalerImpl
2020-11-09 13:48:43.668 [main] INFO  org.quartz.core.QuartzScheduler : Quartz Scheduler v.2.3.2 created.
2020-11-09 13:48:43.671 [main] INFO  o.s.scheduling.quartz.LocalDataSourceJobStore : Using db table-based data access locking (synchronization).
2020-11-09 13:48:43.673 [main] INFO  o.s.scheduling.quartz.LocalDataSourceJobStore : JobStoreCMT initialized.
2020-11-09 13:48:43.673 [main] INFO  org.quartz.core.QuartzScheduler : Scheduler meta-data: Quartz Scheduler (v2.3.2) 'quartzScheduler' with instanceId 'NON_CLUSTERED'
  Scheduler class: 'org.quartz.core.QuartzScheduler' - running locally.
  NOT STARTED.
  Currently in standby mode.
  Number of jobs executed: 0
  Using thread pool 'org.quartz.simpl.SimpleThreadPool' - with 5 threads.
  Using job-store 'org.springframework.scheduling.quartz.LocalDataSourceJobStore' - which supports persistence. and is not clustered.

2020-11-09 13:48:43.673 [main] INFO  org.quartz.impl.StdSchedulerFactory : Quartz scheduler 'quartzScheduler' initialized from an externally provided properties instance.
2020-11-09 13:48:43.673 [main] INFO  org.quartz.impl.StdSchedulerFactory : Quartz scheduler version: 2.3.2
2020-11-09 13:48:43.673 [main] INFO  org.quartz.core.QuartzScheduler : JobFactory set to: org.springframework.scheduling.quartz.SpringBeanJobFactory@6f7a2a5
2020-11-09 13:48:44.123 [main] INFO  s.d.s.w.PropertySourcedRequestMappingHandlerMapping : Mapped URL path [/v2/api-docs] onto method [public org.springframework.http.ResponseEntity<springfox.documentation.spring.web.json.Json> springfox.documentation.swagger2.web.Swagger2Controller.getDocumentation(java.lang.String,javax.servlet.http.HttpServletRequest)]
2020-11-09 13:48:44.142 [main] INFO  o.s.scheduling.concurrent.ThreadPoolTaskExecutor : Initializing ExecutorService 'taskExecutor'
2020-11-09 13:48:44.579 [main] INFO  org.elasticsearch.plugins.PluginsService : no modules loaded
2020-11-09 13:48:44.581 [main] INFO  org.elasticsearch.plugins.PluginsService : loaded plugin [org.elasticsearch.index.reindex.ReindexPlugin]
2020-11-09 13:48:44.581 [main] INFO  org.elasticsearch.plugins.PluginsService : loaded plugin [org.elasticsearch.join.ParentJoinPlugin]
2020-11-09 13:48:44.581 [main] INFO  org.elasticsearch.plugins.PluginsService : loaded plugin [org.elasticsearch.percolator.PercolatorPlugin]
2020-11-09 13:48:44.581 [main] INFO  org.elasticsearch.plugins.PluginsService : loaded plugin [org.elasticsearch.script.mustache.MustachePlugin]
2020-11-09 13:48:44.581 [main] INFO  org.elasticsearch.plugins.PluginsService : loaded plugin [org.elasticsearch.transport.Netty4Plugin]
2020-11-09 13:48:45.811 [main] INFO  o.s.d.e.client.TransportClientFactoryBean : Adding transport node : 42.192.50.57:9200
2020-11-09 13:49:17.101 [main] INFO  s.d.s.web.plugins.DocumentationPluginsBootstrapper : Context refreshed
2020-11-09 13:49:17.128 [main] INFO  s.d.s.web.plugins.DocumentationPluginsBootstrapper : Found 1 custom documentation plugin(s)
2020-11-09 13:49:17.161 [main] INFO  s.d.spring.web.scanners.ApiListingReferenceScanner : Scanning for api listing references
2020-11-09 13:49:17.325 [main] INFO  s.d.s.w.r.operation.CachingOperationNameGenerator : Generating unique operation named: testUsingGET_1
2020-11-09 13:49:17.339 [main] INFO  o.s.scheduling.quartz.SchedulerFactoryBean : Starting Quartz Scheduler now
2020-11-09 13:49:17.570 [main] INFO  o.s.scheduling.quartz.LocalDataSourceJobStore : Freed 0 triggers from 'acquired' / 'blocked' state.
2020-11-09 13:49:17.590 [main] INFO  o.s.scheduling.quartz.LocalDataSourceJobStore : Recovering 0 jobs that were in-progress at the time of the last shut-down.
2020-11-09 13:49:17.590 [main] INFO  o.s.scheduling.quartz.LocalDataSourceJobStore : Recovery complete.
2020-11-09 13:49:17.591 [main] INFO  o.s.scheduling.quartz.LocalDataSourceJobStore : Removed 0 'complete' triggers.
2020-11-09 13:49:17.592 [main] INFO  o.s.scheduling.quartz.LocalDataSourceJobStore : Removed 0 stale fired job entries.
2020-11-09 13:49:17.593 [main] INFO  org.quartz.core.QuartzScheduler : Scheduler quartzScheduler_$_NON_CLUSTERED started.
2020-11-09 13:49:17.601 [main] INFO  org.apache.coyote.http11.Http11NioProtocol : Starting ProtocolHandler ["http-nio-8081"]
2020-11-09 13:49:17.624 [main] INFO  o.s.boot.web.embedded.tomcat.TomcatWebServer : Tomcat started on port(s): 8081 (http) with context path '/linitly-boot'
2020-11-09 13:49:17.626 [main] INFO  org.linitly.boot.LinitlyBootApplication : Started LinitlyBootApplication in 37.763 seconds (JVM running for 38.668)
2020-11-09 13:49:17.629 [main] INFO  org.linitly.boot.LinitlyBootApplication : 
----------------------------------------------------------------
	Application Linitly-boot is running! Access URLs:
	Local: 		http://localhost:8081/linitly-boot/
	swagger-ui: 	http://10.170.37.20:8081/linitly-boot/swagger-ui.html
----------------------------------------------------------------
2020-11-09 14:08:41.974 [main] INFO  org.linitly.boot.LinitlyBootApplication : Starting LinitlyBootApplication on 7weixiaoqing with PID 12260 (D:\Linitly\git_project\linitly-boot\linitly-boot\target\classes started by 7weixiaoqing in D:\Linitly\git_project\linitly-boot\linitly-boot)
2020-11-09 14:08:41.977 [main] INFO  org.linitly.boot.LinitlyBootApplication : The following profiles are active: dev
2020-11-09 14:08:43.112 [main] INFO  o.s.d.r.config.RepositoryConfigurationDelegate : Multiple Spring Data modules found, entering strict repository configuration mode!
2020-11-09 14:08:43.115 [main] INFO  o.s.d.r.config.RepositoryConfigurationDelegate : Bootstrapping Spring Data Elasticsearch repositories in DEFAULT mode.
2020-11-09 14:08:43.160 [main] INFO  o.s.d.r.config.RepositoryConfigurationDelegate : Finished Spring Data repository scanning in 37ms. Found 0 Elasticsearch repository interfaces.
2020-11-09 14:08:43.169 [main] INFO  o.s.d.r.config.RepositoryConfigurationDelegate : Multiple Spring Data modules found, entering strict repository configuration mode!
2020-11-09 14:08:43.170 [main] INFO  o.s.d.r.config.RepositoryConfigurationDelegate : Bootstrapping Spring Data Redis repositories in DEFAULT mode.
2020-11-09 14:08:43.191 [main] INFO  o.s.d.r.config.RepositoryConfigurationDelegate : Finished Spring Data repository scanning in 11ms. Found 0 Redis repository interfaces.
2020-11-09 14:08:43.997 [main] INFO  o.s.boot.web.embedded.tomcat.TomcatWebServer : Tomcat initialized with port(s): 8081 (http)
2020-11-09 14:08:44.012 [main] INFO  org.apache.coyote.http11.Http11NioProtocol : Initializing ProtocolHandler ["http-nio-8081"]
2020-11-09 14:08:44.022 [main] INFO  org.apache.catalina.core.StandardService : Starting service [Tomcat]
2020-11-09 14:08:44.022 [main] INFO  org.apache.catalina.core.StandardEngine : Starting Servlet engine: [Apache Tomcat/9.0.38]
2020-11-09 14:08:44.146 [main] INFO  o.a.c.c.C.[Tomcat].[localhost].[/linitly-boot] : Initializing Spring embedded WebApplicationContext
2020-11-09 14:08:44.146 [main] INFO  org.springframework.web.context.ContextLoader : Root WebApplicationContext: initialization completed in 2059 ms
2020-11-09 14:08:44.471 [main] INFO  c.a.d.s.b.a.DruidDataSourceAutoConfigure : Init DruidDataSource
2020-11-09 14:08:44.802 [main] INFO  com.alibaba.druid.pool.DruidDataSource : {dataSource-1} inited
2020-11-09 14:08:45.099 [main] INFO  org.quartz.impl.StdSchedulerFactory : Using default implementation for ThreadExecutor
2020-11-09 14:08:45.101 [main] INFO  org.quartz.simpl.SimpleThreadPool : Job execution threads will use class loader of thread: main
2020-11-09 14:08:45.109 [main] INFO  org.quartz.core.SchedulerSignalerImpl : Initialized Scheduler Signaller of type: class org.quartz.core.SchedulerSignalerImpl
2020-11-09 14:08:45.109 [main] INFO  org.quartz.core.QuartzScheduler : Quartz Scheduler v.2.3.2 created.
2020-11-09 14:08:45.113 [main] INFO  o.s.scheduling.quartz.LocalDataSourceJobStore : Using db table-based data access locking (synchronization).
2020-11-09 14:08:45.115 [main] INFO  o.s.scheduling.quartz.LocalDataSourceJobStore : JobStoreCMT initialized.
2020-11-09 14:08:45.115 [main] INFO  org.quartz.core.QuartzScheduler : Scheduler meta-data: Quartz Scheduler (v2.3.2) 'quartzScheduler' with instanceId 'NON_CLUSTERED'
  Scheduler class: 'org.quartz.core.QuartzScheduler' - running locally.
  NOT STARTED.
  Currently in standby mode.
  Number of jobs executed: 0
  Using thread pool 'org.quartz.simpl.SimpleThreadPool' - with 5 threads.
  Using job-store 'org.springframework.scheduling.quartz.LocalDataSourceJobStore' - which supports persistence. and is not clustered.

2020-11-09 14:08:45.115 [main] INFO  org.quartz.impl.StdSchedulerFactory : Quartz scheduler 'quartzScheduler' initialized from an externally provided properties instance.
2020-11-09 14:08:45.115 [main] INFO  org.quartz.impl.StdSchedulerFactory : Quartz scheduler version: 2.3.2
2020-11-09 14:08:45.115 [main] INFO  org.quartz.core.QuartzScheduler : JobFactory set to: org.springframework.scheduling.quartz.SpringBeanJobFactory@4e424582
2020-11-09 14:08:45.550 [main] INFO  s.d.s.w.PropertySourcedRequestMappingHandlerMapping : Mapped URL path [/v2/api-docs] onto method [public org.springframework.http.ResponseEntity<springfox.documentation.spring.web.json.Json> springfox.documentation.swagger2.web.Swagger2Controller.getDocumentation(java.lang.String,javax.servlet.http.HttpServletRequest)]
2020-11-09 14:08:45.566 [main] INFO  o.s.scheduling.concurrent.ThreadPoolTaskExecutor : Initializing ExecutorService 'taskExecutor'
2020-11-09 14:08:46.012 [main] INFO  org.elasticsearch.plugins.PluginsService : no modules loaded
2020-11-09 14:08:46.013 [main] INFO  org.elasticsearch.plugins.PluginsService : loaded plugin [org.elasticsearch.index.reindex.ReindexPlugin]
2020-11-09 14:08:46.013 [main] INFO  org.elasticsearch.plugins.PluginsService : loaded plugin [org.elasticsearch.join.ParentJoinPlugin]
2020-11-09 14:08:46.013 [main] INFO  org.elasticsearch.plugins.PluginsService : loaded plugin [org.elasticsearch.percolator.PercolatorPlugin]
2020-11-09 14:08:46.014 [main] INFO  org.elasticsearch.plugins.PluginsService : loaded plugin [org.elasticsearch.script.mustache.MustachePlugin]
2020-11-09 14:08:46.014 [main] INFO  org.elasticsearch.plugins.PluginsService : loaded plugin [org.elasticsearch.transport.Netty4Plugin]
2020-11-09 14:08:47.122 [main] INFO  o.s.d.e.client.TransportClientFactoryBean : Adding transport node : 42.192.50.57:9200
2020-11-09 14:09:19.540 [main] INFO  org.linitly.boot.LinitlyBootApplication : Starting LinitlyBootApplication on 7weixiaoqing with PID 12576 (D:\Linitly\git_project\linitly-boot\linitly-boot\target\classes started by 7weixiaoqing in D:\Linitly\git_project\linitly-boot\linitly-boot)
2020-11-09 14:09:19.543 [main] INFO  org.linitly.boot.LinitlyBootApplication : The following profiles are active: dev
2020-11-09 14:09:20.662 [main] INFO  o.s.d.r.config.RepositoryConfigurationDelegate : Multiple Spring Data modules found, entering strict repository configuration mode!
2020-11-09 14:09:20.664 [main] INFO  o.s.d.r.config.RepositoryConfigurationDelegate : Bootstrapping Spring Data Elasticsearch repositories in DEFAULT mode.
2020-11-09 14:09:20.703 [main] INFO  o.s.d.r.config.RepositoryConfigurationDelegate : Finished Spring Data repository scanning in 35ms. Found 0 Elasticsearch repository interfaces.
2020-11-09 14:09:20.712 [main] INFO  o.s.d.r.config.RepositoryConfigurationDelegate : Multiple Spring Data modules found, entering strict repository configuration mode!
2020-11-09 14:09:20.713 [main] INFO  o.s.d.r.config.RepositoryConfigurationDelegate : Bootstrapping Spring Data Redis repositories in DEFAULT mode.
2020-11-09 14:09:20.730 [main] INFO  o.s.d.r.config.RepositoryConfigurationDelegate : Finished Spring Data repository scanning in 11ms. Found 0 Redis repository interfaces.
2020-11-09 14:09:21.497 [main] INFO  o.s.boot.web.embedded.tomcat.TomcatWebServer : Tomcat initialized with port(s): 8081 (http)
2020-11-09 14:09:21.511 [main] INFO  org.apache.coyote.http11.Http11NioProtocol : Initializing ProtocolHandler ["http-nio-8081"]
2020-11-09 14:09:21.520 [main] INFO  org.apache.catalina.core.StandardService : Starting service [Tomcat]
2020-11-09 14:09:21.521 [main] INFO  org.apache.catalina.core.StandardEngine : Starting Servlet engine: [Apache Tomcat/9.0.38]
2020-11-09 14:09:21.636 [main] INFO  o.a.c.c.C.[Tomcat].[localhost].[/linitly-boot] : Initializing Spring embedded WebApplicationContext
2020-11-09 14:09:21.636 [main] INFO  org.springframework.web.context.ContextLoader : Root WebApplicationContext: initialization completed in 2041 ms
2020-11-09 14:09:21.965 [main] INFO  c.a.d.s.b.a.DruidDataSourceAutoConfigure : Init DruidDataSource
2020-11-09 14:09:22.279 [main] INFO  com.alibaba.druid.pool.DruidDataSource : {dataSource-1} inited
2020-11-09 14:09:22.572 [main] INFO  org.quartz.impl.StdSchedulerFactory : Using default implementation for ThreadExecutor
2020-11-09 14:09:22.573 [main] INFO  org.quartz.simpl.SimpleThreadPool : Job execution threads will use class loader of thread: main
2020-11-09 14:09:22.582 [main] INFO  org.quartz.core.SchedulerSignalerImpl : Initialized Scheduler Signaller of type: class org.quartz.core.SchedulerSignalerImpl
2020-11-09 14:09:22.582 [main] INFO  org.quartz.core.QuartzScheduler : Quartz Scheduler v.2.3.2 created.
2020-11-09 14:09:22.585 [main] INFO  o.s.scheduling.quartz.LocalDataSourceJobStore : Using db table-based data access locking (synchronization).
2020-11-09 14:09:22.587 [main] INFO  o.s.scheduling.quartz.LocalDataSourceJobStore : JobStoreCMT initialized.
2020-11-09 14:09:22.587 [main] INFO  org.quartz.core.QuartzScheduler : Scheduler meta-data: Quartz Scheduler (v2.3.2) 'quartzScheduler' with instanceId 'NON_CLUSTERED'
  Scheduler class: 'org.quartz.core.QuartzScheduler' - running locally.
  NOT STARTED.
  Currently in standby mode.
  Number of jobs executed: 0
  Using thread pool 'org.quartz.simpl.SimpleThreadPool' - with 5 threads.
  Using job-store 'org.springframework.scheduling.quartz.LocalDataSourceJobStore' - which supports persistence. and is not clustered.

2020-11-09 14:09:22.587 [main] INFO  org.quartz.impl.StdSchedulerFactory : Quartz scheduler 'quartzScheduler' initialized from an externally provided properties instance.
2020-11-09 14:09:22.587 [main] INFO  org.quartz.impl.StdSchedulerFactory : Quartz scheduler version: 2.3.2
2020-11-09 14:09:22.588 [main] INFO  org.quartz.core.QuartzScheduler : JobFactory set to: org.springframework.scheduling.quartz.SpringBeanJobFactory@65c17e38
2020-11-09 14:09:23.023 [main] INFO  s.d.s.w.PropertySourcedRequestMappingHandlerMapping : Mapped URL path [/v2/api-docs] onto method [public org.springframework.http.ResponseEntity<springfox.documentation.spring.web.json.Json> springfox.documentation.swagger2.web.Swagger2Controller.getDocumentation(java.lang.String,javax.servlet.http.HttpServletRequest)]
2020-11-09 14:09:23.040 [main] INFO  o.s.scheduling.concurrent.ThreadPoolTaskExecutor : Initializing ExecutorService 'taskExecutor'
2020-11-09 14:09:23.333 [main] INFO  o.s.scheduling.concurrent.ThreadPoolTaskExecutor : Shutting down ExecutorService 'taskExecutor'
2020-11-09 14:09:23.334 [main] INFO  o.s.scheduling.quartz.SchedulerFactoryBean : Shutting down Quartz Scheduler
2020-11-09 14:09:23.334 [main] INFO  org.quartz.core.QuartzScheduler : Scheduler quartzScheduler_$_NON_CLUSTERED shutting down.
2020-11-09 14:09:23.334 [main] INFO  org.quartz.core.QuartzScheduler : Scheduler quartzScheduler_$_NON_CLUSTERED paused.
2020-11-09 14:09:23.334 [main] INFO  org.quartz.core.QuartzScheduler : Scheduler quartzScheduler_$_NON_CLUSTERED shutdown complete.
2020-11-09 14:09:23.338 [main] INFO  com.alibaba.druid.pool.DruidDataSource : {dataSource-1} closed
2020-11-09 14:09:23.352 [main] INFO  org.apache.catalina.core.StandardService : Stopping service [Tomcat]
2020-11-09 14:09:23.361 [main] INFO  o.s.b.a.l.ConditionEvaluationReportLoggingListener : 

Error starting ApplicationContext. To display the conditions report re-run your application with 'debug' enabled.
2020-11-09 14:09:57.347 [main] INFO  org.linitly.boot.LinitlyBootApplication : Starting LinitlyBootApplication on 7weixiaoqing with PID 13028 (D:\Linitly\git_project\linitly-boot\linitly-boot\target\classes started by 7weixiaoqing in D:\Linitly\git_project\linitly-boot\linitly-boot)
2020-11-09 14:09:57.349 [main] INFO  org.linitly.boot.LinitlyBootApplication : The following profiles are active: dev
2020-11-09 14:09:58.313 [main] INFO  o.s.d.r.config.RepositoryConfigurationDelegate : Multiple Spring Data modules found, entering strict repository configuration mode!
2020-11-09 14:09:58.315 [main] INFO  o.s.d.r.config.RepositoryConfigurationDelegate : Bootstrapping Spring Data Elasticsearch repositories in DEFAULT mode.
2020-11-09 14:09:58.343 [main] INFO  o.s.d.r.config.RepositoryConfigurationDelegate : Finished Spring Data repository scanning in 25ms. Found 0 Elasticsearch repository interfaces.
2020-11-09 14:09:58.352 [main] INFO  o.s.d.r.config.RepositoryConfigurationDelegate : Multiple Spring Data modules found, entering strict repository configuration mode!
2020-11-09 14:09:58.352 [main] INFO  o.s.d.r.config.RepositoryConfigurationDelegate : Bootstrapping Spring Data Redis repositories in DEFAULT mode.
2020-11-09 14:09:58.369 [main] INFO  o.s.d.r.config.RepositoryConfigurationDelegate : Finished Spring Data repository scanning in 10ms. Found 0 Redis repository interfaces.
2020-11-09 14:09:59.155 [main] INFO  o.s.boot.web.embedded.tomcat.TomcatWebServer : Tomcat initialized with port(s): 8081 (http)
2020-11-09 14:09:59.169 [main] INFO  org.apache.coyote.http11.Http11NioProtocol : Initializing ProtocolHandler ["http-nio-8081"]
2020-11-09 14:09:59.179 [main] INFO  org.apache.catalina.core.StandardService : Starting service [Tomcat]
2020-11-09 14:09:59.179 [main] INFO  org.apache.catalina.core.StandardEngine : Starting Servlet engine: [Apache Tomcat/9.0.38]
2020-11-09 14:09:59.308 [main] INFO  o.a.c.c.C.[Tomcat].[localhost].[/linitly-boot] : Initializing Spring embedded WebApplicationContext
2020-11-09 14:09:59.308 [main] INFO  org.springframework.web.context.ContextLoader : Root WebApplicationContext: initialization completed in 1873 ms
2020-11-09 14:09:59.651 [main] INFO  c.a.d.s.b.a.DruidDataSourceAutoConfigure : Init DruidDataSource
2020-11-09 14:09:59.962 [main] INFO  com.alibaba.druid.pool.DruidDataSource : {dataSource-1} inited
2020-11-09 14:10:00.277 [main] INFO  org.quartz.impl.StdSchedulerFactory : Using default implementation for ThreadExecutor
2020-11-09 14:10:00.279 [main] INFO  org.quartz.simpl.SimpleThreadPool : Job execution threads will use class loader of thread: main
2020-11-09 14:10:00.287 [main] INFO  org.quartz.core.SchedulerSignalerImpl : Initialized Scheduler Signaller of type: class org.quartz.core.SchedulerSignalerImpl
2020-11-09 14:10:00.287 [main] INFO  org.quartz.core.QuartzScheduler : Quartz Scheduler v.2.3.2 created.
2020-11-09 14:10:00.290 [main] INFO  o.s.scheduling.quartz.LocalDataSourceJobStore : Using db table-based data access locking (synchronization).
2020-11-09 14:10:00.292 [main] INFO  o.s.scheduling.quartz.LocalDataSourceJobStore : JobStoreCMT initialized.
2020-11-09 14:10:00.293 [main] INFO  org.quartz.core.QuartzScheduler : Scheduler meta-data: Quartz Scheduler (v2.3.2) 'quartzScheduler' with instanceId 'NON_CLUSTERED'
  Scheduler class: 'org.quartz.core.QuartzScheduler' - running locally.
  NOT STARTED.
  Currently in standby mode.
  Number of jobs executed: 0
  Using thread pool 'org.quartz.simpl.SimpleThreadPool' - with 5 threads.
  Using job-store 'org.springframework.scheduling.quartz.LocalDataSourceJobStore' - which supports persistence. and is not clustered.

2020-11-09 14:10:00.293 [main] INFO  org.quartz.impl.StdSchedulerFactory : Quartz scheduler 'quartzScheduler' initialized from an externally provided properties instance.
2020-11-09 14:10:00.293 [main] INFO  org.quartz.impl.StdSchedulerFactory : Quartz scheduler version: 2.3.2
2020-11-09 14:10:00.293 [main] INFO  org.quartz.core.QuartzScheduler : JobFactory set to: org.springframework.scheduling.quartz.SpringBeanJobFactory@67d4c48d
2020-11-09 14:10:00.757 [main] INFO  s.d.s.w.PropertySourcedRequestMappingHandlerMapping : Mapped URL path [/v2/api-docs] onto method [public org.springframework.http.ResponseEntity<springfox.documentation.spring.web.json.Json> springfox.documentation.swagger2.web.Swagger2Controller.getDocumentation(java.lang.String,javax.servlet.http.HttpServletRequest)]
2020-11-09 14:10:00.774 [main] INFO  o.s.scheduling.concurrent.ThreadPoolTaskExecutor : Initializing ExecutorService 'taskExecutor'
2020-11-09 14:10:01.217 [main] INFO  org.elasticsearch.plugins.PluginsService : no modules loaded
2020-11-09 14:10:01.218 [main] INFO  org.elasticsearch.plugins.PluginsService : loaded plugin [org.elasticsearch.index.reindex.ReindexPlugin]
2020-11-09 14:10:01.218 [main] INFO  org.elasticsearch.plugins.PluginsService : loaded plugin [org.elasticsearch.join.ParentJoinPlugin]
2020-11-09 14:10:01.218 [main] INFO  org.elasticsearch.plugins.PluginsService : loaded plugin [org.elasticsearch.percolator.PercolatorPlugin]
2020-11-09 14:10:01.218 [main] INFO  org.elasticsearch.plugins.PluginsService : loaded plugin [org.elasticsearch.script.mustache.MustachePlugin]
2020-11-09 14:10:01.218 [main] INFO  org.elasticsearch.plugins.PluginsService : loaded plugin [org.elasticsearch.transport.Netty4Plugin]
2020-11-09 14:10:02.444 [main] INFO  o.s.d.e.client.TransportClientFactoryBean : Adding transport node : 42.192.50.57:9200
2020-11-09 14:10:33.453 [main] INFO  s.d.s.web.plugins.DocumentationPluginsBootstrapper : Context refreshed
2020-11-09 14:10:33.467 [main] INFO  s.d.s.web.plugins.DocumentationPluginsBootstrapper : Found 1 custom documentation plugin(s)
2020-11-09 14:10:33.496 [main] INFO  s.d.spring.web.scanners.ApiListingReferenceScanner : Scanning for api listing references
2020-11-09 14:10:33.653 [main] INFO  s.d.s.w.r.operation.CachingOperationNameGenerator : Generating unique operation named: testUsingGET_1
2020-11-09 14:10:33.666 [main] INFO  o.s.scheduling.quartz.SchedulerFactoryBean : Starting Quartz Scheduler now
2020-11-09 14:10:33.702 [main] INFO  o.s.scheduling.quartz.LocalDataSourceJobStore : Freed 0 triggers from 'acquired' / 'blocked' state.
2020-11-09 14:10:33.705 [main] INFO  o.s.scheduling.quartz.LocalDataSourceJobStore : Recovering 0 jobs that were in-progress at the time of the last shut-down.
2020-11-09 14:10:33.705 [main] INFO  o.s.scheduling.quartz.LocalDataSourceJobStore : Recovery complete.
2020-11-09 14:10:33.706 [main] INFO  o.s.scheduling.quartz.LocalDataSourceJobStore : Removed 0 'complete' triggers.
2020-11-09 14:10:33.707 [main] INFO  o.s.scheduling.quartz.LocalDataSourceJobStore : Removed 0 stale fired job entries.
2020-11-09 14:10:33.707 [main] INFO  org.quartz.core.QuartzScheduler : Scheduler quartzScheduler_$_NON_CLUSTERED started.
2020-11-09 14:10:33.716 [main] INFO  org.apache.coyote.http11.Http11NioProtocol : Starting ProtocolHandler ["http-nio-8081"]
2020-11-09 14:10:33.731 [main] INFO  o.s.boot.web.embedded.tomcat.TomcatWebServer : Tomcat started on port(s): 8081 (http) with context path '/linitly-boot'
2020-11-09 14:10:33.734 [main] INFO  org.linitly.boot.LinitlyBootApplication : Started LinitlyBootApplication in 37.112 seconds (JVM running for 37.982)
2020-11-09 14:10:33.736 [main] INFO  org.linitly.boot.LinitlyBootApplication : 
----------------------------------------------------------------
	Application Linitly-boot is running! Access URLs:
	Local: 		http://localhost:8081/linitly-boot/
	swagger-ui: 	http://10.170.37.20:8081/linitly-boot/swagger-ui.html
----------------------------------------------------------------
2020-11-09 14:19:30.001 [main] INFO  org.linitly.boot.LinitlyBootApplication : Starting LinitlyBootApplication on 7weixiaoqing with PID 10884 (D:\Linitly\git_project\linitly-boot\linitly-boot\target\classes started by 7weixiaoqing in D:\Linitly\git_project\linitly-boot\linitly-boot)
2020-11-09 14:19:30.004 [main] INFO  org.linitly.boot.LinitlyBootApplication : The following profiles are active: dev
2020-11-09 14:19:31.048 [main] INFO  o.s.d.r.config.RepositoryConfigurationDelegate : Multiple Spring Data modules found, entering strict repository configuration mode!
2020-11-09 14:19:31.050 [main] INFO  o.s.d.r.config.RepositoryConfigurationDelegate : Bootstrapping Spring Data Elasticsearch repositories in DEFAULT mode.
2020-11-09 14:19:31.094 [main] INFO  o.s.d.r.config.RepositoryConfigurationDelegate : Finished Spring Data repository scanning in 39ms. Found 0 Elasticsearch repository interfaces.
2020-11-09 14:19:31.103 [main] INFO  o.s.d.r.config.RepositoryConfigurationDelegate : Multiple Spring Data modules found, entering strict repository configuration mode!
2020-11-09 14:19:31.103 [main] INFO  o.s.d.r.config.RepositoryConfigurationDelegate : Bootstrapping Spring Data Redis repositories in DEFAULT mode.
2020-11-09 14:19:31.121 [main] INFO  o.s.d.r.config.RepositoryConfigurationDelegate : Finished Spring Data repository scanning in 10ms. Found 0 Redis repository interfaces.
2020-11-09 14:19:31.977 [main] INFO  o.s.boot.web.embedded.tomcat.TomcatWebServer : Tomcat initialized with port(s): 8081 (http)
2020-11-09 14:19:31.994 [main] INFO  org.apache.coyote.http11.Http11NioProtocol : Initializing ProtocolHandler ["http-nio-8081"]
2020-11-09 14:19:32.006 [main] INFO  org.apache.catalina.core.StandardService : Starting service [Tomcat]
2020-11-09 14:19:32.006 [main] INFO  org.apache.catalina.core.StandardEngine : Starting Servlet engine: [Apache Tomcat/9.0.38]
2020-11-09 14:19:32.127 [main] INFO  o.a.c.c.C.[Tomcat].[localhost].[/linitly-boot] : Initializing Spring embedded WebApplicationContext
2020-11-09 14:19:32.128 [main] INFO  org.springframework.web.context.ContextLoader : Root WebApplicationContext: initialization completed in 2032 ms
2020-11-09 14:19:32.471 [main] INFO  c.a.d.s.b.a.DruidDataSourceAutoConfigure : Init DruidDataSource
2020-11-09 14:19:32.811 [main] INFO  com.alibaba.druid.pool.DruidDataSource : {dataSource-1} inited
2020-11-09 14:19:33.148 [main] INFO  org.quartz.impl.StdSchedulerFactory : Using default implementation for ThreadExecutor
2020-11-09 14:19:33.150 [main] INFO  org.quartz.simpl.SimpleThreadPool : Job execution threads will use class loader of thread: main
2020-11-09 14:19:33.158 [main] INFO  org.quartz.core.SchedulerSignalerImpl : Initialized Scheduler Signaller of type: class org.quartz.core.SchedulerSignalerImpl
2020-11-09 14:19:33.158 [main] INFO  org.quartz.core.QuartzScheduler : Quartz Scheduler v.2.3.2 created.
2020-11-09 14:19:33.162 [main] INFO  o.s.scheduling.quartz.LocalDataSourceJobStore : Using db table-based data access locking (synchronization).
2020-11-09 14:19:33.166 [main] INFO  o.s.scheduling.quartz.LocalDataSourceJobStore : JobStoreCMT initialized.
2020-11-09 14:19:33.167 [main] INFO  org.quartz.core.QuartzScheduler : Scheduler meta-data: Quartz Scheduler (v2.3.2) 'quartzScheduler' with instanceId 'NON_CLUSTERED'
  Scheduler class: 'org.quartz.core.QuartzScheduler' - running locally.
  NOT STARTED.
  Currently in standby mode.
  Number of jobs executed: 0
  Using thread pool 'org.quartz.simpl.SimpleThreadPool' - with 5 threads.
  Using job-store 'org.springframework.scheduling.quartz.LocalDataSourceJobStore' - which supports persistence. and is not clustered.

2020-11-09 14:19:33.167 [main] INFO  org.quartz.impl.StdSchedulerFactory : Quartz scheduler 'quartzScheduler' initialized from an externally provided properties instance.
2020-11-09 14:19:33.167 [main] INFO  org.quartz.impl.StdSchedulerFactory : Quartz scheduler version: 2.3.2
2020-11-09 14:19:33.167 [main] INFO  org.quartz.core.QuartzScheduler : JobFactory set to: org.springframework.scheduling.quartz.SpringBeanJobFactory@60e1d87c
2020-11-09 14:19:33.640 [main] INFO  s.d.s.w.PropertySourcedRequestMappingHandlerMapping : Mapped URL path [/v2/api-docs] onto method [public org.springframework.http.ResponseEntity<springfox.documentation.spring.web.json.Json> springfox.documentation.swagger2.web.Swagger2Controller.getDocumentation(java.lang.String,javax.servlet.http.HttpServletRequest)]
2020-11-09 14:19:33.658 [main] INFO  o.s.scheduling.concurrent.ThreadPoolTaskExecutor : Initializing ExecutorService 'taskExecutor'
2020-11-09 14:19:34.635 [main] INFO  s.d.s.web.plugins.DocumentationPluginsBootstrapper : Context refreshed
2020-11-09 14:19:34.649 [main] INFO  s.d.s.web.plugins.DocumentationPluginsBootstrapper : Found 1 custom documentation plugin(s)
2020-11-09 14:19:34.681 [main] INFO  s.d.spring.web.scanners.ApiListingReferenceScanner : Scanning for api listing references
2020-11-09 14:19:34.834 [main] INFO  s.d.s.w.r.operation.CachingOperationNameGenerator : Generating unique operation named: testUsingGET_1
2020-11-09 14:19:34.856 [main] INFO  o.s.scheduling.quartz.SchedulerFactoryBean : Starting Quartz Scheduler now
2020-11-09 14:19:34.894 [main] INFO  o.s.scheduling.quartz.LocalDataSourceJobStore : Freed 0 triggers from 'acquired' / 'blocked' state.
2020-11-09 14:19:34.898 [main] INFO  o.s.scheduling.quartz.LocalDataSourceJobStore : Recovering 0 jobs that were in-progress at the time of the last shut-down.
2020-11-09 14:19:34.898 [main] INFO  o.s.scheduling.quartz.LocalDataSourceJobStore : Recovery complete.
2020-11-09 14:19:34.898 [main] INFO  o.s.scheduling.quartz.LocalDataSourceJobStore : Removed 0 'complete' triggers.
2020-11-09 14:19:34.899 [main] INFO  o.s.scheduling.quartz.LocalDataSourceJobStore : Removed 0 stale fired job entries.
2020-11-09 14:19:34.900 [main] INFO  org.quartz.core.QuartzScheduler : Scheduler quartzScheduler_$_NON_CLUSTERED started.
2020-11-09 14:19:34.908 [main] INFO  org.apache.coyote.http11.Http11NioProtocol : Starting ProtocolHandler ["http-nio-8081"]
2020-11-09 14:19:34.923 [main] INFO  o.s.boot.web.embedded.tomcat.TomcatWebServer : Tomcat started on port(s): 8081 (http) with context path '/linitly-boot'
2020-11-09 14:19:34.927 [main] INFO  org.linitly.boot.LinitlyBootApplication : Started LinitlyBootApplication in 5.574 seconds (JVM running for 6.344)
2020-11-09 14:19:34.930 [main] INFO  org.linitly.boot.LinitlyBootApplication : 
----------------------------------------------------------------
	Application Linitly-boot is running! Access URLs:
	Local: 		http://localhost:8081/linitly-boot/
	swagger-ui: 	http://10.170.37.20:8081/linitly-boot/swagger-ui.html
----------------------------------------------------------------
